{"meta": {"format": 3, "version": "7.13.1", "timestamp": "2026-01-15T17:01:44.320233", "branch_coverage": false, "show_contexts": false}, "files": {"src/__init__.py": {"executed_lines": [], "summary": {"covered_lines": 0, "num_statements": 0, "percent_covered": 100.0, "percent_covered_display": "100", "missing_lines": 0, "excluded_lines": 0, "percent_statements_covered": 100.0, "percent_statements_covered_display": "100"}, "missing_lines": [], "excluded_lines": [], "functions": {"": {"executed_lines": [], "summary": {"covered_lines": 0, "num_statements": 0, "percent_covered": 100.0, "percent_covered_display": "100", "missing_lines": 0, "excluded_lines": 0, "percent_statements_covered": 100.0, "percent_statements_covered_display": "100"}, "missing_lines": [], "excluded_lines": [], "start_line": 1}}, "classes": {"": {"executed_lines": [], "summary": {"covered_lines": 0, "num_statements": 0, "percent_covered": 100.0, "percent_covered_display": "100", "missing_lines": 0, "excluded_lines": 0, "percent_statements_covered": 100.0, "percent_statements_covered_display": "100"}, "missing_lines": [], "excluded_lines": [], "start_line": 1}}}, "src/build_executable.py": {"executed_lines": [], "summary": {"covered_lines": 0, "num_statements": 141, "percent_covered": 0.0, "percent_covered_display": "0", "missing_lines": 141, "excluded_lines": 0, "percent_statements_covered": 0.0, "percent_statements_covered_display": "0"}, "missing_lines": [19, 20, 21, 22, 23, 24, 26, 29, 30, 33, 36, 38, 39, 40, 41, 42, 43, 44, 46, 49, 51, 52, 53, 55, 56, 57, 59, 62, 73, 86, 87, 88, 89, 90, 91, 92, 93, 95, 97, 98, 99, 100, 101, 102, 104, 145, 146, 147, 148, 150, 152, 153, 154, 156, 157, 160, 162, 163, 164, 166, 167, 168, 169, 170, 173, 175, 176, 179, 180, 181, 182, 184, 185, 186, 189, 190, 191, 194, 195, 198, 199, 200, 202, 205, 206, 207, 210, 211, 212, 213, 215, 216, 218, 219, 222, 223, 225, 228, 231, 232, 235, 238, 239, 240, 242, 244, 245, 251, 252, 253, 254, 255, 256, 258, 259, 260, 261, 264, 267, 276, 285, 286, 288, 289, 290, 292, 293, 295, 296, 297, 300, 301, 303, 304, 305, 306, 307, 308, 309, 313, 314], "excluded_lines": [], "functions": {"get_platform": {"executed_lines": [], "summary": {"covered_lines": 0, "num_statements": 8, "percent_covered": 0.0, "percent_covered_display": "0", "missing_lines": 8, "excluded_lines": 0, "percent_statements_covered": 0.0, "percent_statements_covered_display": "0"}, "missing_lines": [38, 39, 40, 41, 42, 43, 44, 46], "excluded_lines": [], "start_line": 36}, "install_pyinstaller": {"executed_lines": [], "summary": {"covered_lines": 0, "num_statements": 7, "percent_covered": 0.0, "percent_covered_display": "0", "missing_lines": 7, "excluded_lines": 0, "percent_statements_covered": 0.0, "percent_statements_covered_display": "0"}, "missing_lines": [51, 52, 53, 55, 56, 57, 59], "excluded_lines": [], "start_line": 49}, "create_spec_file": {"executed_lines": [], "summary": {"covered_lines": 0, "num_statements": 27, "percent_covered": 0.0, "percent_covered_display": "0", "missing_lines": 27, "excluded_lines": 0, "percent_statements_covered": 0.0, "percent_statements_covered_display": "0"}, "missing_lines": [73, 86, 87, 88, 89, 90, 91, 92, 93, 95, 97, 98, 99, 100, 101, 102, 104, 145, 146, 147, 148, 150, 152, 153, 154, 156, 157], "excluded_lines": [], "start_line": 62}, "build_with_pyinstaller": {"executed_lines": [], "summary": {"covered_lines": 0, "num_statements": 8, "percent_covered": 0.0, "percent_covered_display": "0", "missing_lines": 8, "excluded_lines": 0, "percent_statements_covered": 0.0, "percent_statements_covered_display": "0"}, "missing_lines": [162, 163, 164, 166, 167, 168, 169, 170], "excluded_lines": [], "start_line": 160}, "create_distribution_package": {"executed_lines": [], "summary": {"covered_lines": 0, "num_statements": 29, "percent_covered": 0.0, "percent_covered_display": "0", "missing_lines": 29, "excluded_lines": 0, "percent_statements_covered": 0.0, "percent_statements_covered_display": "0"}, "missing_lines": [175, 176, 179, 180, 181, 182, 184, 185, 186, 189, 190, 191, 194, 195, 198, 199, 200, 202, 205, 206, 207, 210, 211, 212, 213, 215, 216, 218, 219], "excluded_lines": [], "start_line": 173}, "main": {"executed_lines": [], "summary": {"covered_lines": 0, "num_statements": 44, "percent_covered": 0.0, "percent_covered_display": "0", "missing_lines": 44, "excluded_lines": 0, "percent_statements_covered": 0.0, "percent_statements_covered_display": "0"}, "missing_lines": [223, 225, 228, 231, 232, 235, 238, 239, 240, 242, 244, 245, 251, 252, 253, 254, 255, 256, 258, 259, 260, 261, 264, 267, 276, 285, 286, 288, 289, 290, 292, 293, 295, 296, 297, 300, 301, 303, 304, 305, 306, 307, 308, 309], "excluded_lines": [], "start_line": 222}, "": {"executed_lines": [], "summary": {"covered_lines": 0, "num_statements": 18, "percent_covered": 0.0, "percent_covered_display": "0", "missing_lines": 18, "excluded_lines": 0, "percent_statements_covered": 0.0, "percent_statements_covered_display": "0"}, "missing_lines": [19, 20, 21, 22, 23, 24, 26, 29, 30, 33, 36, 49, 62, 160, 173, 222, 313, 314], "excluded_lines": [], "start_line": 1}}, "classes": {"": {"executed_lines": [], "summary": {"covered_lines": 0, "num_statements": 141, "percent_covered": 0.0, "percent_covered_display": "0", "missing_lines": 141, "excluded_lines": 0, "percent_statements_covered": 0.0, "percent_statements_covered_display": "0"}, "missing_lines": [19, 20, 21, 22, 23, 24, 26, 29, 30, 33, 36, 38, 39, 40, 41, 42, 43, 44, 46, 49, 51, 52, 53, 55, 56, 57, 59, 62, 73, 86, 87, 88, 89, 90, 91, 92, 93, 95, 97, 98, 99, 100, 101, 102, 104, 145, 146, 147, 148, 150, 152, 153, 154, 156, 157, 160, 162, 163, 164, 166, 167, 168, 169, 170, 173, 175, 176, 179, 180, 181, 182, 184, 185, 186, 189, 190, 191, 194, 195, 198, 199, 200, 202, 205, 206, 207, 210, 211, 212, 213, 215, 216, 218, 219, 222, 223, 225, 228, 231, 232, 235, 238, 239, 240, 242, 244, 245, 251, 252, 253, 254, 255, 256, 258, 259, 260, 261, 264, 267, 276, 285, 286, 288, 289, 290, 292, 293, 295, 296, 297, 300, 301, 303, 304, 305, 306, 307, 308, 309, 313, 314], "excluded_lines": [], "start_line": 1}}}, "src/configuration_manager.py": {"executed_lines": [7, 8, 9, 10, 11, 13, 15, 18, 19, 21, 24, 26, 27, 33, 34, 37, 40, 42, 45, 47, 50, 52, 55, 57, 58, 59, 64, 70, 72, 73, 83, 85, 87, 90, 101, 106, 108, 109, 111, 113, 116, 117, 118, 120, 121, 123, 126, 127, 150, 153, 157, 161, 168, 169, 171, 172, 174, 175, 176, 178, 180, 182, 183, 184, 185, 186, 188, 191, 196, 201, 206, 211, 214, 219, 221, 222, 223, 224, 226, 229, 230, 232, 233, 236, 237, 238, 239, 243, 244, 245, 249, 252, 259, 261, 265, 267, 268, 269, 271, 272, 273, 275, 279, 282, 283, 285, 286, 288, 295, 296, 298, 299, 301, 305, 308, 320, 321, 322, 325, 327], "summary": {"covered_lines": 120, "num_statements": 145, "percent_covered": 82.75862068965517, "percent_covered_display": "83", "missing_lines": 25, "excluded_lines": 0, "percent_statements_covered": 82.75862068965517, "percent_statements_covered_display": "83"}, "missing_lines": [60, 61, 75, 81, 103, 110, 179, 192, 197, 202, 207, 215, 217, 220, 240, 246, 247, 263, 276, 292, 309, 311, 312, 314, 318], "excluded_lines": [], "functions": {"validate_encoder": {"executed_lines": [42], "summary": {"covered_lines": 1, "num_statements": 1, "percent_covered": 100.0, "percent_covered_display": "100", "missing_lines": 0, "excluded_lines": 0, "percent_statements_covered": 100.0, "percent_statements_covered_display": "100"}, "missing_lines": [], "excluded_lines": [], "start_line": 40}, "validate_format": {"executed_lines": [47], "summary": {"covered_lines": 1, "num_statements": 1, "percent_covered": 100.0, "percent_covered_display": "100", "missing_lines": 0, "excluded_lines": 0, "percent_statements_covered": 100.0, "percent_statements_covered_display": "100"}, "missing_lines": [], "excluded_lines": [], "start_line": 45}, "validate_preset": {"executed_lines": [52], "summary": {"covered_lines": 1, "num_statements": 1, "percent_covered": 100.0, "percent_covered_display": "100", "missing_lines": 0, "excluded_lines": 0, "percent_statements_covered": 100.0, "percent_statements_covered_display": "100"}, "missing_lines": [], "excluded_lines": [], "start_line": 50}, "validate_quality": {"executed_lines": [57, 58, 59], "summary": {"covered_lines": 3, "num_statements": 5, "percent_covered": 60.0, "percent_covered_display": "60", "missing_lines": 2, "excluded_lines": 0, "percent_statements_covered": 60.0, "percent_statements_covered_display": "60"}, "missing_lines": [60, 61], "excluded_lines": [], "start_line": 55}, "map_preset_for_encoder": {"executed_lines": [70, 72, 73, 83, 85, 87, 90, 101], "summary": {"covered_lines": 8, "num_statements": 11, "percent_covered": 72.72727272727273, "percent_covered_display": "73", "missing_lines": 3, "excluded_lines": 0, "percent_statements_covered": 72.72727272727273, "percent_statements_covered_display": "73"}, "missing_lines": [75, 81, 103], "excluded_lines": [], "start_line": 64}, "parse_file_size": {"executed_lines": [108, 109, 111, 113, 116, 117, 118, 120, 121, 123], "summary": {"covered_lines": 10, "num_statements": 11, "percent_covered": 90.9090909090909, "percent_covered_display": "91", "missing_lines": 1, "excluded_lines": 0, "percent_statements_covered": 90.9090909090909, "percent_statements_covered_display": "91"}, "missing_lines": [110], "excluded_lines": [], "start_line": 106}, "prepare_default_config": {"executed_lines": [127], "summary": {"covered_lines": 1, "num_statements": 1, "percent_covered": 100.0, "percent_covered_display": "100", "missing_lines": 0, "excluded_lines": 0, "percent_statements_covered": 100.0, "percent_statements_covered_display": "100"}, "missing_lines": [], "excluded_lines": [], "start_line": 126}, "post_process_configuration": {"executed_lines": [153, 157, 161, 168, 169, 171, 172, 174, 175, 176, 178, 180, 182, 183, 184, 185, 186, 188, 191, 196, 201, 206, 211, 214, 219, 221, 222, 223, 224, 226, 229, 230, 232, 233, 236, 237, 238, 239, 243, 244, 245, 249], "summary": {"covered_lines": 42, "num_statements": 53, "percent_covered": 79.24528301886792, "percent_covered_display": "79", "missing_lines": 11, "excluded_lines": 0, "percent_statements_covered": 79.24528301886792, "percent_statements_covered_display": "79"}, "missing_lines": [179, 192, 197, 202, 207, 215, 217, 220, 240, 246, 247], "excluded_lines": [], "start_line": 150}, "load_config": {"executed_lines": [259, 261, 265, 267, 268, 269, 271, 272, 273, 275, 279, 282, 283, 285, 286, 288, 295, 296, 298, 299, 301, 305, 308, 320, 321, 322, 325, 327], "summary": {"covered_lines": 28, "num_statements": 36, "percent_covered": 77.77777777777777, "percent_covered_display": "78", "missing_lines": 8, "excluded_lines": 0, "percent_statements_covered": 77.77777777777777, "percent_statements_covered_display": "78"}, "missing_lines": [263, 276, 292, 309, 311, 312, 314, 318], "excluded_lines": [], "start_line": 252}, "": {"executed_lines": [7, 8, 9, 10, 11, 13, 15, 18, 19, 21, 24, 26, 27, 33, 34, 37, 40, 45, 50, 55, 64, 106, 126, 150, 252], "summary": {"covered_lines": 25, "num_statements": 25, "percent_covered": 100.0, "percent_covered_display": "100", "missing_lines": 0, "excluded_lines": 0, "percent_statements_covered": 100.0, "percent_statements_covered_display": "100"}, "missing_lines": [], "excluded_lines": [], "start_line": 1}}, "classes": {"": {"executed_lines": [7, 8, 9, 10, 11, 13, 15, 18, 19, 21, 24, 26, 27, 33, 34, 37, 40, 42, 45, 47, 50, 52, 55, 57, 58, 59, 64, 70, 72, 73, 83, 85, 87, 90, 101, 106, 108, 109, 111, 113, 116, 117, 118, 120, 121, 123, 126, 127, 150, 153, 157, 161, 168, 169, 171, 172, 174, 175, 176, 178, 180, 182, 183, 184, 185, 186, 188, 191, 196, 201, 206, 211, 214, 219, 221, 222, 223, 224, 226, 229, 230, 232, 233, 236, 237, 238, 239, 243, 244, 245, 249, 252, 259, 261, 265, 267, 268, 269, 271, 272, 273, 275, 279, 282, 283, 285, 286, 288, 295, 296, 298, 299, 301, 305, 308, 320, 321, 322, 325, 327], "summary": {"covered_lines": 120, "num_statements": 145, "percent_covered": 82.75862068965517, "percent_covered_display": "83", "missing_lines": 25, "excluded_lines": 0, "percent_statements_covered": 82.75862068965517, "percent_statements_covered_display": "83"}, "missing_lines": [60, 61, 75, 81, 103, 110, 179, 192, 197, 202, 207, 215, 217, 220, 240, 246, 247, 263, 276, 292, 309, 311, 312, 314, 318], "excluded_lines": [], "start_line": 1}}}, "src/convert_videos.py": {"executed_lines": [13, 14, 15, 16, 17, 19, 20, 22, 25, 33, 41, 42, 44, 46, 50, 51, 52, 53, 54, 55, 58, 66, 67, 69, 71, 72, 78, 79, 80, 81, 82, 83, 84, 87, 95, 96, 97, 99, 100, 102, 103, 105, 106, 107, 110, 115, 119, 120, 121, 124, 125, 126, 131, 132, 135, 151, 154, 155, 163, 164, 166, 168, 169, 170, 171, 174, 175, 176, 178, 188, 189, 192, 193, 194, 276, 286, 287, 289, 300, 301, 303, 304, 305, 306, 331, 334, 337, 338, 339, 340, 341, 346, 347, 348, 351, 364], "summary": {"covered_lines": 96, "num_statements": 161, "percent_covered": 59.62732919254658, "percent_covered_display": "60", "missing_lines": 65, "excluded_lines": 0, "percent_statements_covered": 59.62732919254658, "percent_statements_covered_display": "60"}, "missing_lines": [26, 111, 116, 127, 128, 179, 180, 181, 183, 184, 185, 186, 196, 198, 209, 211, 216, 218, 224, 226, 233, 235, 236, 245, 246, 247, 253, 255, 263, 265, 266, 267, 268, 269, 270, 271, 273, 290, 292, 293, 294, 295, 296, 298, 310, 312, 313, 316, 317, 318, 319, 320, 322, 323, 324, 326, 327, 329, 343, 352, 354, 355, 356, 357, 362], "excluded_lines": [], "functions": {"get_codec": {"executed_lines": [41, 42, 44, 46, 50, 51, 52, 53, 54, 55], "summary": {"covered_lines": 10, "num_statements": 10, "percent_covered": 100.0, "percent_covered_display": "100", "missing_lines": 0, "excluded_lines": 0, "percent_statements_covered": 100.0, "percent_statements_covered_display": "100"}, "missing_lines": [], "excluded_lines": [], "start_line": 33}, "get_duration": {"executed_lines": [66, 67, 69, 71, 72, 78, 79, 80, 81, 82, 83, 84], "summary": {"covered_lines": 12, "num_statements": 12, "percent_covered": 100.0, "percent_covered_display": "100", "missing_lines": 0, "excluded_lines": 0, "percent_statements_covered": 100.0, "percent_statements_covered_display": "100"}, "missing_lines": [], "excluded_lines": [], "start_line": 58}, "find_eligible_files": {"executed_lines": [95, 96, 97, 99, 100, 102, 103, 105, 106, 107, 110, 115, 119, 120, 121, 124, 125, 126, 131, 132], "summary": {"covered_lines": 20, "num_statements": 24, "percent_covered": 83.33333333333333, "percent_covered_display": "83", "missing_lines": 4, "excluded_lines": 0, "percent_statements_covered": 83.33333333333333, "percent_statements_covered_display": "83"}, "missing_lines": [111, 116, 127, 128], "excluded_lines": [], "start_line": 87}, "convert_file": {"executed_lines": [151, 154, 155, 163, 164, 166, 168, 169, 170, 171, 174, 175, 176, 178, 188, 189, 192, 193, 194], "summary": {"covered_lines": 19, "num_statements": 51, "percent_covered": 37.254901960784316, "percent_covered_display": "37", "missing_lines": 32, "excluded_lines": 0, "percent_statements_covered": 37.254901960784316, "percent_statements_covered_display": "37"}, "missing_lines": [179, 180, 181, 183, 184, 185, 186, 196, 198, 209, 211, 216, 218, 224, 226, 233, 235, 236, 245, 246, 247, 253, 255, 263, 265, 266, 267, 268, 269, 270, 271, 273], "excluded_lines": [], "start_line": 135}, "validate_and_finalize": {"executed_lines": [286, 287, 289, 300, 301, 303, 304, 305, 306, 331, 334, 337, 338, 339, 340, 341, 346, 347, 348, 351, 364], "summary": {"covered_lines": 21, "num_statements": 49, "percent_covered": 42.857142857142854, "percent_covered_display": "43", "missing_lines": 28, "excluded_lines": 0, "percent_statements_covered": 42.857142857142854, "percent_statements_covered_display": "43"}, "missing_lines": [290, 292, 293, 294, 295, 296, 298, 310, 312, 313, 316, 317, 318, 319, 320, 322, 323, 324, 326, 327, 329, 343, 352, 354, 355, 356, 357, 362], "excluded_lines": [], "start_line": 276}, "": {"executed_lines": [13, 14, 15, 16, 17, 19, 20, 22, 25, 33, 58, 87, 135, 276], "summary": {"covered_lines": 14, "num_statements": 15, "percent_covered": 93.33333333333333, "percent_covered_display": "93", "missing_lines": 1, "excluded_lines": 0, "percent_statements_covered": 93.33333333333333, "percent_statements_covered_display": "93"}, "missing_lines": [26], "excluded_lines": [], "start_line": 1}}, "classes": {"": {"executed_lines": [13, 14, 15, 16, 17, 19, 20, 22, 25, 33, 41, 42, 44, 46, 50, 51, 52, 53, 54, 55, 58, 66, 67, 69, 71, 72, 78, 79, 80, 81, 82, 83, 84, 87, 95, 96, 97, 99, 100, 102, 103, 105, 106, 107, 110, 115, 119, 120, 121, 124, 125, 126, 131, 132, 135, 151, 154, 155, 163, 164, 166, 168, 169, 170, 171, 174, 175, 176, 178, 188, 189, 192, 193, 194, 276, 286, 287, 289, 300, 301, 303, 304, 305, 306, 331, 334, 337, 338, 339, 340, 341, 346, 347, 348, 351, 364], "summary": {"covered_lines": 96, "num_statements": 161, "percent_covered": 59.62732919254658, "percent_covered_display": "60", "missing_lines": 65, "excluded_lines": 0, "percent_statements_covered": 59.62732919254658, "percent_statements_covered_display": "60"}, "missing_lines": [26, 111, 116, 127, 128, 179, 180, 181, 183, 184, 185, 186, 196, 198, 209, 211, 216, 218, 224, 226, 233, 235, 236, 245, 246, 247, 253, 255, 263, 265, 266, 267, 268, 269, 270, 271, 273, 290, 292, 293, 294, 295, 296, 298, 310, 312, 313, 316, 317, 318, 319, 320, 322, 323, 324, 326, 327, 329, 343, 352, 354, 355, 356, 357, 362], "excluded_lines": [], "start_line": 1}}}, "src/convert_videos_cli.py": {"executed_lines": [], "summary": {"covered_lines": 0, "num_statements": 79, "percent_covered": 0.0, "percent_covered_display": "0", "missing_lines": 79, "excluded_lines": 0, "percent_statements_covered": 0.0, "percent_statements_covered_display": "0"}, "missing_lines": [7, 8, 10, 11, 12, 13, 14, 15, 16, 18, 19, 20, 22, 25, 27, 38, 41, 43, 46, 49, 52, 55, 58, 61, 64, 66, 67, 68, 71, 75, 76, 77, 78, 79, 81, 84, 85, 86, 89, 90, 93, 95, 97, 100, 101, 102, 104, 107, 109, 110, 111, 112, 113, 114, 115, 118, 120, 123, 124, 127, 128, 130, 133, 134, 136, 137, 138, 140, 141, 144, 145, 147, 148, 151, 152, 153, 154, 155, 156], "excluded_lines": [], "functions": {"main": {"executed_lines": [], "summary": {"covered_lines": 0, "num_statements": 59, "percent_covered": 0.0, "percent_covered_display": "0", "missing_lines": 59, "excluded_lines": 0, "percent_statements_covered": 0.0, "percent_statements_covered_display": "0"}, "missing_lines": [27, 38, 41, 43, 46, 49, 52, 55, 58, 61, 64, 66, 67, 68, 71, 75, 76, 77, 78, 79, 81, 84, 85, 86, 89, 90, 93, 95, 97, 100, 101, 102, 104, 107, 109, 110, 111, 112, 113, 114, 115, 118, 120, 123, 124, 127, 128, 130, 133, 134, 136, 137, 138, 140, 141, 144, 145, 147, 148], "excluded_lines": [], "start_line": 25}, "": {"executed_lines": [], "summary": {"covered_lines": 0, "num_statements": 20, "percent_covered": 0.0, "percent_covered_display": "0", "missing_lines": 20, "excluded_lines": 0, "percent_statements_covered": 0.0, "percent_statements_covered_display": "0"}, "missing_lines": [7, 8, 10, 11, 12, 13, 14, 15, 16, 18, 19, 20, 22, 25, 151, 152, 153, 154, 155, 156], "excluded_lines": [], "start_line": 1}}, "classes": {"": {"executed_lines": [], "summary": {"covered_lines": 0, "num_statements": 79, "percent_covered": 0.0, "percent_covered_display": "0", "missing_lines": 79, "excluded_lines": 0, "percent_statements_covered": 0.0, "percent_statements_covered_display": "0"}, "missing_lines": [7, 8, 10, 11, 12, 13, 14, 15, 16, 18, 19, 20, 22, 25, 27, 38, 41, 43, 46, 49, 52, 55, 58, 61, 64, 66, 67, 68, 71, 75, 76, 77, 78, 79, 81, 84, 85, 86, 89, 90, 93, 95, 97, 100, 101, 102, 104, 107, 109, 110, 111, 112, 113, 114, 115, 118, 120, 123, 124, 127, 128, 130, 133, 134, 136, 137, 138, 140, 141, 144, 145, 147, 148, 151, 152, 153, 154, 155, 156], "excluded_lines": [], "start_line": 1}}}, "src/convert_videos_gui.py": {"executed_lines": [6, 7, 8, 9, 10, 11, 12], "summary": {"covered_lines": 7, "num_statements": 903, "percent_covered": 0.7751937984496124, "percent_covered_display": "1", "missing_lines": 896, "excluded_lines": 0, "percent_statements_covered": 0.7751937984496124, "percent_statements_covered_display": "1"}, "missing_lines": [13, 14, 16, 17, 19, 20, 21, 22, 24, 27, 29, 32, 35, 36, 37, 38, 39, 40, 41, 42, 46, 49, 50, 51, 52, 55, 57, 62, 63, 65, 67, 70, 71, 72, 73, 74, 77, 78, 80, 81, 82, 85, 86, 89, 92, 95, 96, 98, 101, 102, 105, 106, 107, 110, 111, 112, 115, 116, 117, 120, 121, 122, 124, 127, 128, 130, 132, 137, 138, 141, 143, 145, 147, 148, 150, 151, 152, 155, 157, 158, 159, 161, 165, 167, 169, 171, 173, 175, 177, 179, 181, 183, 185, 187, 189, 191, 193, 195, 197, 198, 199, 200, 204, 206, 208, 210, 212, 213, 214, 216, 219, 221, 222, 223, 225, 228, 230, 231, 232, 234, 238, 242, 244, 246, 248, 251, 253, 257, 258, 260, 262, 265, 266, 268, 270, 272, 275, 276, 278, 281, 283, 286, 287, 289, 290, 291, 294, 296, 298, 300, 303, 305, 307, 308, 311, 312, 314, 316, 318, 320, 322, 324, 326, 329, 330, 333, 334, 337, 339, 343, 344, 347, 348, 349, 350, 351, 352, 354, 355, 356, 357, 358, 359, 362, 363, 364, 367, 369, 372, 375, 378, 380, 382, 384, 385, 386, 387, 388, 391, 393, 394, 396, 397, 401, 402, 404, 406, 408, 410, 413, 415, 418, 420, 423, 424, 427, 428, 431, 432, 436, 437, 440, 441, 442, 443, 445, 446, 447, 448, 451, 452, 453, 456, 457, 460, 463, 466, 468, 470, 472, 473, 475, 476, 477, 478, 479, 480, 483, 485, 486, 488, 489, 490, 491, 492, 493, 496, 498, 499, 503, 504, 505, 506, 507, 508, 511, 513, 514, 518, 519, 520, 521, 522, 523, 526, 528, 529, 533, 534, 535, 536, 537, 538, 541, 544, 553, 554, 557, 558, 560, 562, 564, 567, 568, 571, 574, 575, 576, 578, 580, 582, 585, 586, 587, 588, 589, 592, 593, 594, 595, 596, 599, 600, 603, 604, 607, 608, 611, 612, 613, 614, 615, 616, 619, 620, 621, 623, 624, 626, 627, 628, 629, 630, 632, 633, 635, 636, 638, 639, 640, 641, 642, 644, 645, 647, 648, 650, 651, 652, 653, 654, 656, 657, 660, 661, 663, 664, 666, 668, 669, 671, 672, 690, 692, 694, 695, 696, 697, 698, 700, 702, 703, 704, 705, 707, 710, 711, 712, 714, 717, 724, 725, 727, 728, 729, 731, 732, 733, 735, 736, 737, 740, 742, 748, 749, 751, 752, 753, 754, 755, 758, 759, 760, 761, 763, 764, 765, 768, 770, 771, 773, 774, 776, 777, 780, 781, 782, 783, 785, 786, 789, 790, 791, 794, 795, 798, 799, 802, 804, 805, 806, 807, 810, 813, 816, 817, 818, 819, 820, 823, 824, 825, 826, 827, 829, 830, 832, 833, 835, 836, 839, 840, 841, 842, 844, 846, 849, 850, 851, 852, 854, 856, 861, 863, 865, 866, 867, 870, 871, 874, 875, 877, 879, 888, 890, 892, 893, 894, 895, 896, 898, 900, 901, 902, 904, 905, 906, 907, 908, 911, 912, 918, 920, 921, 922, 926, 927, 928, 930, 931, 933, 935, 936, 937, 938, 940, 942, 944, 947, 956, 957, 959, 960, 961, 963, 965, 966, 967, 969, 970, 971, 972, 973, 975, 984, 992, 993, 994, 1002, 1004, 1005, 1007, 1009, 1011, 1013, 1014, 1015, 1017, 1019, 1020, 1022, 1023, 1024, 1025, 1026, 1027, 1029, 1031, 1032, 1033, 1035, 1036, 1037, 1038, 1039, 1041, 1045, 1047, 1049, 1050, 1052, 1053, 1056, 1057, 1058, 1059, 1061, 1062, 1064, 1066, 1067, 1068, 1071, 1072, 1073, 1076, 1077, 1078, 1081, 1083, 1084, 1085, 1087, 1089, 1090, 1091, 1094, 1095, 1097, 1098, 1100, 1101, 1102, 1103, 1104, 1105, 1106, 1108, 1115, 1116, 1118, 1121, 1122, 1125, 1127, 1129, 1130, 1131, 1133, 1134, 1136, 1137, 1138, 1139, 1142, 1144, 1145, 1150, 1151, 1152, 1154, 1158, 1159, 1163, 1167, 1168, 1170, 1171, 1174, 1177, 1178, 1179, 1181, 1182, 1183, 1186, 1187, 1190, 1193, 1195, 1196, 1197, 1200, 1201, 1203, 1205, 1207, 1211, 1213, 1215, 1216, 1217, 1218, 1221, 1222, 1224, 1226, 1227, 1228, 1229, 1230, 1231, 1232, 1233, 1236, 1238, 1239, 1240, 1242, 1244, 1245, 1246, 1247, 1248, 1249, 1251, 1253, 1254, 1255, 1257, 1259, 1260, 1262, 1263, 1265, 1266, 1268, 1270, 1271, 1274, 1275, 1278, 1286, 1289, 1290, 1291, 1293, 1295, 1297, 1298, 1300, 1303, 1305, 1306, 1307, 1308, 1310, 1313, 1314, 1315, 1316, 1318, 1319, 1321, 1324, 1325, 1326, 1327, 1328, 1330, 1333, 1335, 1336, 1338, 1339, 1340, 1341, 1344, 1346, 1348, 1349, 1351, 1352, 1353, 1356, 1357, 1358, 1359, 1361, 1364, 1365, 1366, 1369, 1370, 1371, 1374, 1377, 1378, 1379, 1382, 1384, 1385, 1388, 1389, 1392, 1394, 1397, 1398, 1399, 1401, 1402, 1403, 1405, 1407, 1408, 1409, 1410, 1412, 1413, 1415, 1417, 1419, 1420, 1421, 1424, 1425, 1426, 1429, 1432, 1435, 1436, 1437, 1438, 1439, 1442, 1443, 1445, 1446, 1447, 1448, 1449, 1451, 1452, 1455, 1458, 1459, 1463, 1467, 1468, 1474, 1476, 1477, 1480, 1481, 1482, 1483, 1485, 1487, 1489, 1491, 1498, 1499, 1502, 1503, 1504, 1507, 1510, 1513, 1515, 1516, 1519, 1520, 1521, 1525, 1526, 1529, 1530, 1531, 1534, 1535, 1537, 1538, 1539, 1542, 1547, 1550, 1553, 1554, 1555, 1557, 1558, 1559, 1562, 1564, 1565, 1566, 1568, 1570, 1571, 1573, 1574, 1576, 1579, 1581, 1583, 1584, 1585, 1588, 1590, 1591, 1592, 1594, 1596, 1597, 1599, 1601, 1603, 1607, 1608, 1610, 1611, 1612, 1614, 1615, 1617, 1619, 1621, 1622, 1623, 1626, 1627, 1629, 1630, 1632, 1633, 1634, 1636, 1637, 1638, 1640, 1643, 1645, 1646, 1647, 1650, 1651], "excluded_lines": [], "functions": {"ConversionResult.__init__": {"executed_lines": [], "summary": {"covered_lines": 0, "num_statements": 7, "percent_covered": 0.0, "percent_covered_display": "0", "missing_lines": 7, "excluded_lines": 0, "percent_statements_covered": 0.0, "percent_statements_covered_display": "0"}, "missing_lines": [36, 37, 38, 39, 40, 41, 42], "excluded_lines": [], "start_line": 35}, "VideoConverterGUI.__init__": {"executed_lines": [], "summary": {"covered_lines": 0, "num_statements": 25, "percent_covered": 0.0, "percent_covered_display": "0", "missing_lines": 25, "excluded_lines": 0, "percent_statements_covered": 0.0, "percent_statements_covered_display": "0"}, "missing_lines": [50, 51, 52, 55, 57, 62, 63, 65, 67, 70, 71, 72, 73, 74, 77, 78, 80, 81, 82, 85, 86, 89, 92, 95, 96], "excluded_lines": [], "start_line": 49}, "VideoConverterGUI.create_ui": {"executed_lines": [], "summary": {"covered_lines": 0, "num_statements": 14, "percent_covered": 0.0, "percent_covered_display": "0", "missing_lines": 14, "excluded_lines": 0, "percent_statements_covered": 0.0, "percent_statements_covered_display": "0"}, "missing_lines": [101, 102, 105, 106, 107, 110, 111, 112, 115, 116, 117, 120, 121, 122], "excluded_lines": [], "start_line": 98}, "VideoConverterGUI.create_config_tab": {"executed_lines": [], "summary": {"covered_lines": 0, "num_statements": 75, "percent_covered": 0.0, "percent_covered_display": "0", "missing_lines": 75, "excluded_lines": 0, "percent_statements_covered": 0.0, "percent_statements_covered_display": "0"}, "missing_lines": [127, 128, 130, 132, 137, 138, 141, 143, 145, 147, 148, 150, 151, 152, 155, 157, 158, 159, 161, 165, 167, 169, 171, 173, 175, 177, 179, 181, 183, 185, 187, 189, 191, 193, 195, 197, 198, 199, 200, 204, 206, 208, 210, 212, 213, 214, 216, 219, 221, 222, 223, 225, 228, 230, 231, 232, 234, 238, 242, 244, 246, 248, 251, 253, 257, 258, 260, 262, 265, 266, 268, 270, 272, 275, 276], "excluded_lines": [], "start_line": 124}, "VideoConverterGUI.create_processing_tab": {"executed_lines": [], "summary": {"covered_lines": 0, "num_statements": 23, "percent_covered": 0.0, "percent_covered_display": "0", "missing_lines": 23, "excluded_lines": 0, "percent_statements_covered": 0.0, "percent_statements_covered_display": "0"}, "missing_lines": [281, 283, 286, 287, 289, 290, 291, 294, 296, 298, 300, 303, 305, 307, 308, 311, 312, 314, 316, 318, 320, 322, 324], "excluded_lines": [], "start_line": 278}, "VideoConverterGUI.create_results_tab": {"executed_lines": [], "summary": {"covered_lines": 0, "num_statements": 26, "percent_covered": 0.0, "percent_covered_display": "0", "missing_lines": 26, "excluded_lines": 0, "percent_statements_covered": 0.0, "percent_statements_covered_display": "0"}, "missing_lines": [329, 330, 333, 334, 337, 339, 343, 344, 347, 348, 349, 350, 351, 352, 354, 355, 356, 357, 358, 359, 362, 363, 364, 367, 369, 372], "excluded_lines": [], "start_line": 326}, "VideoConverterGUI.create_duplicates_tab": {"executed_lines": [], "summary": {"covered_lines": 0, "num_statements": 48, "percent_covered": 0.0, "percent_covered_display": "0", "missing_lines": 48, "excluded_lines": 0, "percent_statements_covered": 0.0, "percent_statements_covered_display": "0"}, "missing_lines": [378, 380, 382, 384, 385, 386, 387, 388, 391, 393, 394, 396, 397, 401, 402, 404, 406, 408, 410, 413, 415, 418, 420, 423, 424, 427, 428, 431, 432, 436, 437, 440, 441, 442, 443, 445, 446, 447, 448, 451, 452, 453, 456, 457, 460, 463, 466, 468], "excluded_lines": [], "start_line": 375}, "VideoConverterGUI.browse_duplicate_directory": {"executed_lines": [], "summary": {"covered_lines": 0, "num_statements": 8, "percent_covered": 0.0, "percent_covered_display": "0", "missing_lines": 8, "excluded_lines": 0, "percent_statements_covered": 0.0, "percent_statements_covered_display": "0"}, "missing_lines": [472, 473, 475, 476, 477, 478, 479, 480], "excluded_lines": [], "start_line": 470}, "VideoConverterGUI.browse_directory": {"executed_lines": [], "summary": {"covered_lines": 0, "num_statements": 8, "percent_covered": 0.0, "percent_covered_display": "0", "missing_lines": 8, "excluded_lines": 0, "percent_statements_covered": 0.0, "percent_statements_covered_display": "0"}, "missing_lines": [485, 486, 488, 489, 490, 491, 492, 493], "excluded_lines": [], "start_line": 483}, "VideoConverterGUI.browse_handbrake": {"executed_lines": [], "summary": {"covered_lines": 0, "num_statements": 8, "percent_covered": 0.0, "percent_covered_display": "0", "missing_lines": 8, "excluded_lines": 0, "percent_statements_covered": 0.0, "percent_statements_covered_display": "0"}, "missing_lines": [498, 499, 503, 504, 505, 506, 507, 508], "excluded_lines": [], "start_line": 496}, "VideoConverterGUI.browse_ffprobe": {"executed_lines": [], "summary": {"covered_lines": 0, "num_statements": 8, "percent_covered": 0.0, "percent_covered_display": "0", "missing_lines": 8, "excluded_lines": 0, "percent_statements_covered": 0.0, "percent_statements_covered_display": "0"}, "missing_lines": [513, 514, 518, 519, 520, 521, 522, 523], "excluded_lines": [], "start_line": 511}, "VideoConverterGUI.browse_ffmpeg": {"executed_lines": [], "summary": {"covered_lines": 0, "num_statements": 8, "percent_covered": 0.0, "percent_covered_display": "0", "missing_lines": 8, "excluded_lines": 0, "percent_statements_covered": 0.0, "percent_statements_covered_display": "0"}, "missing_lines": [528, 529, 533, 534, 535, 536, 537, 538], "excluded_lines": [], "start_line": 526}, "VideoConverterGUI.download_dependencies": {"executed_lines": [], "summary": {"covered_lines": 0, "num_statements": 5, "percent_covered": 0.0, "percent_covered_display": "0", "missing_lines": 5, "excluded_lines": 0, "percent_statements_covered": 0.0, "percent_statements_covered_display": "0"}, "missing_lines": [544, 553, 554, 557, 578], "excluded_lines": [], "start_line": 541}, "VideoConverterGUI.download_dependencies.download_thread": {"executed_lines": [], "summary": {"covered_lines": 0, "num_statements": 9, "percent_covered": 0.0, "percent_covered_display": "0", "missing_lines": 9, "excluded_lines": 0, "percent_statements_covered": 0.0, "percent_statements_covered_display": "0"}, "missing_lines": [558, 562, 564, 567, 568, 571, 574, 575, 576], "excluded_lines": [], "start_line": 557}, "VideoConverterGUI.download_dependencies.download_thread.progress_callback": {"executed_lines": [], "summary": {"covered_lines": 0, "num_statements": 1, "percent_covered": 0.0, "percent_covered_display": "0", "missing_lines": 1, "excluded_lines": 0, "percent_statements_covered": 0.0, "percent_statements_covered_display": "0"}, "missing_lines": [560], "excluded_lines": [], "start_line": 558}, "VideoConverterGUI.validate_config": {"executed_lines": [], "summary": {"covered_lines": 0, "num_statements": 60, "percent_covered": 0.0, "percent_covered_display": "0", "missing_lines": 60, "excluded_lines": 0, "percent_statements_covered": 0.0, "percent_statements_covered_display": "0"}, "missing_lines": [582, 585, 586, 587, 588, 589, 592, 593, 594, 595, 596, 599, 600, 603, 604, 607, 608, 611, 612, 613, 614, 615, 616, 619, 620, 621, 623, 624, 626, 627, 628, 629, 630, 632, 633, 635, 636, 638, 639, 640, 641, 642, 644, 645, 647, 648, 650, 651, 652, 653, 654, 656, 657, 660, 661, 663, 664, 666, 668, 669], "excluded_lines": [], "start_line": 580}, "VideoConverterGUI.generate_config": {"executed_lines": [], "summary": {"covered_lines": 0, "num_statements": 2, "percent_covered": 0.0, "percent_covered_display": "0", "missing_lines": 2, "excluded_lines": 0, "percent_statements_covered": 0.0, "percent_statements_covered_display": "0"}, "missing_lines": [672, 690], "excluded_lines": [], "start_line": 671}, "VideoConverterGUI._parse_quality": {"executed_lines": [], "summary": {"covered_lines": 0, "num_statements": 5, "percent_covered": 0.0, "percent_covered_display": "0", "missing_lines": 5, "excluded_lines": 0, "percent_statements_covered": 0.0, "percent_statements_covered_display": "0"}, "missing_lines": [694, 695, 696, 697, 698], "excluded_lines": [], "start_line": 692}, "VideoConverterGUI.on_tab_changed": {"executed_lines": [], "summary": {"covered_lines": 0, "num_statements": 4, "percent_covered": 0.0, "percent_covered_display": "0", "missing_lines": 4, "excluded_lines": 0, "percent_statements_covered": 0.0, "percent_statements_covered_display": "0"}, "missing_lines": [702, 703, 704, 705], "excluded_lines": [], "start_line": 700}, "VideoConverterGUI.save_config": {"executed_lines": [], "summary": {"covered_lines": 0, "num_statements": 16, "percent_covered": 0.0, "percent_covered_display": "0", "missing_lines": 16, "excluded_lines": 0, "percent_statements_covered": 0.0, "percent_statements_covered_display": "0"}, "missing_lines": [710, 711, 712, 714, 717, 724, 725, 727, 728, 729, 731, 732, 733, 735, 736, 737], "excluded_lines": [], "start_line": 707}, "VideoConverterGUI.load_config_file": {"executed_lines": [], "summary": {"covered_lines": 0, "num_statements": 15, "percent_covered": 0.0, "percent_covered_display": "0", "missing_lines": 15, "excluded_lines": 0, "percent_statements_covered": 0.0, "percent_statements_covered_display": "0"}, "missing_lines": [742, 748, 749, 751, 752, 753, 754, 755, 758, 759, 760, 761, 763, 764, 765], "excluded_lines": [], "start_line": 740}, "VideoConverterGUI.update_config_ui": {"executed_lines": [], "summary": {"covered_lines": 0, "num_statements": 24, "percent_covered": 0.0, "percent_covered_display": "0", "missing_lines": 24, "excluded_lines": 0, "percent_statements_covered": 0.0, "percent_statements_covered_display": "0"}, "missing_lines": [770, 771, 773, 774, 776, 777, 780, 781, 782, 783, 785, 786, 789, 790, 791, 794, 795, 798, 799, 802, 804, 805, 806, 807], "excluded_lines": [], "start_line": 768}, "VideoConverterGUI.scan_files": {"executed_lines": [], "summary": {"covered_lines": 0, "num_statements": 19, "percent_covered": 0.0, "percent_covered_display": "0", "missing_lines": 19, "excluded_lines": 0, "percent_statements_covered": 0.0, "percent_statements_covered_display": "0"}, "missing_lines": [813, 816, 817, 818, 819, 820, 823, 824, 825, 826, 827, 829, 830, 832, 833, 835, 836, 839, 854], "excluded_lines": [], "start_line": 810}, "VideoConverterGUI.scan_files.scan_thread": {"executed_lines": [], "summary": {"covered_lines": 0, "num_statements": 9, "percent_covered": 0.0, "percent_covered_display": "0", "missing_lines": 9, "excluded_lines": 0, "percent_statements_covered": 0.0, "percent_statements_covered_display": "0"}, "missing_lines": [840, 841, 842, 844, 846, 849, 850, 851, 852], "excluded_lines": [], "start_line": 839}, "VideoConverterGUI.convert_file_with_progress": {"executed_lines": [], "summary": {"covered_lines": 0, "num_statements": 16, "percent_covered": 0.0, "percent_covered_display": "0", "missing_lines": 16, "excluded_lines": 0, "percent_statements_covered": 0.0, "percent_statements_covered_display": "0"}, "missing_lines": [861, 863, 865, 866, 867, 870, 874, 877, 879, 888, 890, 892, 893, 894, 895, 896], "excluded_lines": [], "start_line": 856}, "VideoConverterGUI.convert_file_with_progress.progress_callback": {"executed_lines": [], "summary": {"covered_lines": 0, "num_statements": 1, "percent_covered": 0.0, "percent_covered_display": "0", "missing_lines": 1, "excluded_lines": 0, "percent_statements_covered": 0.0, "percent_statements_covered_display": "0"}, "missing_lines": [871], "excluded_lines": [], "start_line": 870}, "VideoConverterGUI.convert_file_with_progress.cancellation_check": {"executed_lines": [], "summary": {"covered_lines": 0, "num_statements": 1, "percent_covered": 0.0, "percent_covered_display": "0", "missing_lines": 1, "excluded_lines": 0, "percent_statements_covered": 0.0, "percent_statements_covered_display": "0"}, "missing_lines": [875], "excluded_lines": [], "start_line": 874}, "VideoConverterGUI.start_processing": {"executed_lines": [], "summary": {"covered_lines": 0, "num_statements": 22, "percent_covered": 0.0, "percent_covered_display": "0", "missing_lines": 22, "excluded_lines": 0, "percent_statements_covered": 0.0, "percent_statements_covered_display": "0"}, "missing_lines": [900, 901, 902, 904, 905, 906, 907, 908, 911, 912, 918, 920, 921, 922, 926, 927, 928, 930, 931, 933, 1007, 1009], "excluded_lines": [], "start_line": 898}, "VideoConverterGUI.start_processing.processing_thread": {"executed_lines": [], "summary": {"covered_lines": 0, "num_statements": 30, "percent_covered": 0.0, "percent_covered_display": "0", "missing_lines": 30, "excluded_lines": 0, "percent_statements_covered": 0.0, "percent_statements_covered_display": "0"}, "missing_lines": [935, 936, 937, 938, 940, 942, 944, 947, 956, 957, 959, 960, 961, 963, 965, 966, 967, 969, 970, 971, 972, 973, 975, 984, 992, 993, 994, 1002, 1004, 1005], "excluded_lines": [], "start_line": 933}, "VideoConverterGUI.stop_processing": {"executed_lines": [], "summary": {"covered_lines": 0, "num_statements": 3, "percent_covered": 0.0, "percent_covered_display": "0", "missing_lines": 3, "excluded_lines": 0, "percent_statements_covered": 0.0, "percent_statements_covered_display": "0"}, "missing_lines": [1013, 1014, 1015], "excluded_lines": [], "start_line": 1011}, "VideoConverterGUI.reset_ui_state": {"executed_lines": [], "summary": {"covered_lines": 0, "num_statements": 8, "percent_covered": 0.0, "percent_covered_display": "0", "missing_lines": 8, "excluded_lines": 0, "percent_statements_covered": 0.0, "percent_statements_covered_display": "0"}, "missing_lines": [1019, 1020, 1022, 1023, 1024, 1025, 1026, 1027], "excluded_lines": [], "start_line": 1017}, "VideoConverterGUI.update_progress": {"executed_lines": [], "summary": {"covered_lines": 0, "num_statements": 57, "percent_covered": 0.0, "percent_covered_display": "0", "missing_lines": 57, "excluded_lines": 0, "percent_statements_covered": 0.0, "percent_statements_covered_display": "0"}, "missing_lines": [1031, 1032, 1033, 1035, 1036, 1037, 1038, 1039, 1041, 1045, 1047, 1049, 1050, 1052, 1053, 1056, 1057, 1058, 1059, 1061, 1062, 1064, 1066, 1067, 1068, 1071, 1072, 1073, 1076, 1077, 1078, 1081, 1083, 1084, 1085, 1087, 1089, 1090, 1091, 1094, 1095, 1097, 1098, 1100, 1101, 1102, 1103, 1104, 1105, 1106, 1108, 1115, 1116, 1118, 1121, 1122, 1125], "excluded_lines": [], "start_line": 1029}, "VideoConverterGUI.update_duplicate_progress": {"executed_lines": [], "summary": {"covered_lines": 0, "num_statements": 33, "percent_covered": 0.0, "percent_covered_display": "0", "missing_lines": 33, "excluded_lines": 0, "percent_statements_covered": 0.0, "percent_statements_covered_display": "0"}, "missing_lines": [1129, 1130, 1131, 1133, 1134, 1136, 1137, 1138, 1139, 1142, 1144, 1145, 1150, 1151, 1152, 1154, 1158, 1159, 1163, 1167, 1168, 1170, 1171, 1174, 1177, 1178, 1179, 1181, 1182, 1183, 1186, 1187, 1190], "excluded_lines": [], "start_line": 1127}, "VideoConverterGUI.add_result_to_tree": {"executed_lines": [], "summary": {"covered_lines": 0, "num_statements": 9, "percent_covered": 0.0, "percent_covered_display": "0", "missing_lines": 9, "excluded_lines": 0, "percent_statements_covered": 0.0, "percent_statements_covered_display": "0"}, "missing_lines": [1195, 1196, 1197, 1200, 1201, 1203, 1205, 1207, 1211], "excluded_lines": [], "start_line": 1193}, "VideoConverterGUI.update_summary": {"executed_lines": [], "summary": {"covered_lines": 0, "num_statements": 6, "percent_covered": 0.0, "percent_covered_display": "0", "missing_lines": 6, "excluded_lines": 0, "percent_statements_covered": 0.0, "percent_statements_covered_display": "0"}, "missing_lines": [1215, 1216, 1217, 1218, 1221, 1222], "excluded_lines": [], "start_line": 1213}, "VideoConverterGUI.clear_results": {"executed_lines": [], "summary": {"covered_lines": 0, "num_statements": 8, "percent_covered": 0.0, "percent_covered_display": "0", "missing_lines": 8, "excluded_lines": 0, "percent_statements_covered": 0.0, "percent_statements_covered_display": "0"}, "missing_lines": [1226, 1227, 1228, 1229, 1230, 1231, 1232, 1233], "excluded_lines": [], "start_line": 1224}, "VideoConverterGUI.scan_for_duplicates": {"executed_lines": [], "summary": {"covered_lines": 0, "num_statements": 17, "percent_covered": 0.0, "percent_covered_display": "0", "missing_lines": 17, "excluded_lines": 0, "percent_statements_covered": 0.0, "percent_statements_covered_display": "0"}, "missing_lines": [1238, 1239, 1240, 1242, 1244, 1245, 1246, 1247, 1248, 1249, 1251, 1253, 1254, 1255, 1257, 1259, 1293], "excluded_lines": [], "start_line": 1236}, "VideoConverterGUI.scan_for_duplicates.scan_thread": {"executed_lines": [], "summary": {"covered_lines": 0, "num_statements": 14, "percent_covered": 0.0, "percent_covered_display": "0", "missing_lines": 14, "excluded_lines": 0, "percent_statements_covered": 0.0, "percent_statements_covered_display": "0"}, "missing_lines": [1260, 1262, 1263, 1265, 1266, 1268, 1270, 1271, 1274, 1278, 1286, 1289, 1290, 1291], "excluded_lines": [], "start_line": 1259}, "VideoConverterGUI.scan_for_duplicates.scan_thread.progress_callback": {"executed_lines": [], "summary": {"covered_lines": 0, "num_statements": 1, "percent_covered": 0.0, "percent_covered_display": "0", "missing_lines": 1, "excluded_lines": 0, "percent_statements_covered": 0.0, "percent_statements_covered_display": "0"}, "missing_lines": [1275], "excluded_lines": [], "start_line": 1274}, "VideoConverterGUI.clear_duplicate_results": {"executed_lines": [], "summary": {"covered_lines": 0, "num_statements": 29, "percent_covered": 0.0, "percent_covered_display": "0", "missing_lines": 29, "excluded_lines": 0, "percent_statements_covered": 0.0, "percent_statements_covered_display": "0"}, "missing_lines": [1297, 1298, 1300, 1303, 1305, 1306, 1307, 1308, 1310, 1313, 1314, 1315, 1316, 1318, 1319, 1321, 1324, 1325, 1326, 1327, 1328, 1330, 1333, 1335, 1336, 1338, 1339, 1340, 1341], "excluded_lines": [], "start_line": 1295}, "VideoConverterGUI.show_thumbnail_tooltip": {"executed_lines": [], "summary": {"covered_lines": 0, "num_statements": 34, "percent_covered": 0.0, "percent_covered_display": "0", "missing_lines": 34, "excluded_lines": 0, "percent_statements_covered": 0.0, "percent_statements_covered_display": "0"}, "missing_lines": [1346, 1348, 1349, 1351, 1352, 1353, 1356, 1357, 1358, 1359, 1361, 1364, 1365, 1366, 1369, 1370, 1371, 1374, 1377, 1378, 1379, 1382, 1384, 1385, 1388, 1389, 1392, 1394, 1397, 1398, 1399, 1401, 1402, 1403], "excluded_lines": [], "start_line": 1344}, "VideoConverterGUI.hide_thumbnail_tooltip": {"executed_lines": [], "summary": {"covered_lines": 0, "num_statements": 6, "percent_covered": 0.0, "percent_covered_display": "0", "missing_lines": 6, "excluded_lines": 0, "percent_statements_covered": 0.0, "percent_statements_covered_display": "0"}, "missing_lines": [1407, 1408, 1409, 1410, 1412, 1413], "excluded_lines": [], "start_line": 1405}, "VideoConverterGUI.show_file_context_menu": {"executed_lines": [], "summary": {"covered_lines": 0, "num_statements": 37, "percent_covered": 0.0, "percent_covered_display": "0", "missing_lines": 37, "excluded_lines": 0, "percent_statements_covered": 0.0, "percent_statements_covered_display": "0"}, "missing_lines": [1417, 1419, 1420, 1421, 1424, 1425, 1426, 1429, 1432, 1435, 1436, 1437, 1438, 1439, 1442, 1443, 1445, 1446, 1447, 1448, 1449, 1451, 1452, 1455, 1458, 1459, 1463, 1467, 1468, 1474, 1476, 1477, 1480, 1481, 1482, 1483, 1485], "excluded_lines": [], "start_line": 1415}, "VideoConverterGUI.delete_duplicate_file": {"executed_lines": [], "summary": {"covered_lines": 0, "num_statements": 34, "percent_covered": 0.0, "percent_covered_display": "0", "missing_lines": 34, "excluded_lines": 0, "percent_statements_covered": 0.0, "percent_statements_covered_display": "0"}, "missing_lines": [1489, 1491, 1498, 1499, 1502, 1503, 1504, 1507, 1510, 1513, 1515, 1516, 1519, 1520, 1521, 1525, 1526, 1529, 1530, 1531, 1534, 1535, 1537, 1538, 1539, 1542, 1547, 1550, 1553, 1554, 1555, 1557, 1558, 1559], "excluded_lines": [], "start_line": 1487}, "VideoConverterGUI.play_video_file": {"executed_lines": [], "summary": {"covered_lines": 0, "num_statements": 14, "percent_covered": 0.0, "percent_covered_display": "0", "missing_lines": 14, "excluded_lines": 0, "percent_statements_covered": 0.0, "percent_statements_covered_display": "0"}, "missing_lines": [1564, 1565, 1566, 1568, 1570, 1571, 1573, 1574, 1576, 1579, 1581, 1583, 1584, 1585], "excluded_lines": [], "start_line": 1562}, "VideoConverterGUI.browse_to_file": {"executed_lines": [], "summary": {"covered_lines": 0, "num_statements": 21, "percent_covered": 0.0, "percent_covered_display": "0", "missing_lines": 21, "excluded_lines": 0, "percent_statements_covered": 0.0, "percent_statements_covered_display": "0"}, "missing_lines": [1590, 1591, 1592, 1594, 1596, 1597, 1599, 1601, 1603, 1607, 1608, 1610, 1611, 1612, 1614, 1615, 1617, 1619, 1621, 1622, 1623], "excluded_lines": [], "start_line": 1588}, "VideoConverterGUI.format_size": {"executed_lines": [], "summary": {"covered_lines": 0, "num_statements": 9, "percent_covered": 0.0, "percent_covered_display": "0", "missing_lines": 9, "excluded_lines": 0, "percent_statements_covered": 0.0, "percent_statements_covered_display": "0"}, "missing_lines": [1629, 1630, 1632, 1633, 1634, 1636, 1637, 1638, 1640], "excluded_lines": [], "start_line": 1627}, "main": {"executed_lines": [], "summary": {"covered_lines": 0, "num_statements": 3, "percent_covered": 0.0, "percent_covered_display": "0", "missing_lines": 3, "excluded_lines": 0, "percent_statements_covered": 0.0, "percent_statements_covered_display": "0"}, "missing_lines": [1645, 1646, 1647], "excluded_lines": [], "start_line": 1643}, "": {"executed_lines": [6, 7, 8, 9, 10, 11, 12], "summary": {"covered_lines": 7, "num_statements": 63, "percent_covered": 11.11111111111111, "percent_covered_display": "11", "missing_lines": 56, "excluded_lines": 0, "percent_statements_covered": 11.11111111111111, "percent_statements_covered_display": "11"}, "missing_lines": [13, 14, 16, 17, 19, 20, 21, 22, 24, 27, 29, 32, 35, 46, 49, 98, 124, 278, 326, 375, 470, 483, 496, 511, 526, 541, 580, 671, 692, 700, 707, 740, 768, 810, 856, 898, 1011, 1017, 1029, 1127, 1193, 1213, 1224, 1236, 1295, 1344, 1405, 1415, 1487, 1562, 1588, 1626, 1627, 1643, 1650, 1651], "excluded_lines": [], "start_line": 1}}, "classes": {"ConversionResult": {"executed_lines": [], "summary": {"covered_lines": 0, "num_statements": 7, "percent_covered": 0.0, "percent_covered_display": "0", "missing_lines": 7, "excluded_lines": 0, "percent_statements_covered": 0.0, "percent_statements_covered_display": "0"}, "missing_lines": [36, 37, 38, 39, 40, 41, 42], "excluded_lines": [], "start_line": 32}, "VideoConverterGUI": {"executed_lines": [], "summary": {"covered_lines": 0, "num_statements": 830, "percent_covered": 0.0, "percent_covered_display": "0", "missing_lines": 830, "excluded_lines": 0, "percent_statements_covered": 0.0, "percent_statements_covered_display": "0"}, "missing_lines": [50, 51, 52, 55, 57, 62, 63, 65, 67, 70, 71, 72, 73, 74, 77, 78, 80, 81, 82, 85, 86, 89, 92, 95, 96, 101, 102, 105, 106, 107, 110, 111, 112, 115, 116, 117, 120, 121, 122, 127, 128, 130, 132, 137, 138, 141, 143, 145, 147, 148, 150, 151, 152, 155, 157, 158, 159, 161, 165, 167, 169, 171, 173, 175, 177, 179, 181, 183, 185, 187, 189, 191, 193, 195, 197, 198, 199, 200, 204, 206, 208, 210, 212, 213, 214, 216, 219, 221, 222, 223, 225, 228, 230, 231, 232, 234, 238, 242, 244, 246, 248, 251, 253, 257, 258, 260, 262, 265, 266, 268, 270, 272, 275, 276, 281, 283, 286, 287, 289, 290, 291, 294, 296, 298, 300, 303, 305, 307, 308, 311, 312, 314, 316, 318, 320, 322, 324, 329, 330, 333, 334, 337, 339, 343, 344, 347, 348, 349, 350, 351, 352, 354, 355, 356, 357, 358, 359, 362, 363, 364, 367, 369, 372, 378, 380, 382, 384, 385, 386, 387, 388, 391, 393, 394, 396, 397, 401, 402, 404, 406, 408, 410, 413, 415, 418, 420, 423, 424, 427, 428, 431, 432, 436, 437, 440, 441, 442, 443, 445, 446, 447, 448, 451, 452, 453, 456, 457, 460, 463, 466, 468, 472, 473, 475, 476, 477, 478, 479, 480, 485, 486, 488, 489, 490, 491, 492, 493, 498, 499, 503, 504, 505, 506, 507, 508, 513, 514, 518, 519, 520, 521, 522, 523, 528, 529, 533, 534, 535, 536, 537, 538, 544, 553, 554, 557, 558, 560, 562, 564, 567, 568, 571, 574, 575, 576, 578, 582, 585, 586, 587, 588, 589, 592, 593, 594, 595, 596, 599, 600, 603, 604, 607, 608, 611, 612, 613, 614, 615, 616, 619, 620, 621, 623, 624, 626, 627, 628, 629, 630, 632, 633, 635, 636, 638, 639, 640, 641, 642, 644, 645, 647, 648, 650, 651, 652, 653, 654, 656, 657, 660, 661, 663, 664, 666, 668, 669, 672, 690, 694, 695, 696, 697, 698, 702, 703, 704, 705, 710, 711, 712, 714, 717, 724, 725, 727, 728, 729, 731, 732, 733, 735, 736, 737, 742, 748, 749, 751, 752, 753, 754, 755, 758, 759, 760, 761, 763, 764, 765, 770, 771, 773, 774, 776, 777, 780, 781, 782, 783, 785, 786, 789, 790, 791, 794, 795, 798, 799, 802, 804, 805, 806, 807, 813, 816, 817, 818, 819, 820, 823, 824, 825, 826, 827, 829, 830, 832, 833, 835, 836, 839, 840, 841, 842, 844, 846, 849, 850, 851, 852, 854, 861, 863, 865, 866, 867, 870, 871, 874, 875, 877, 879, 888, 890, 892, 893, 894, 895, 896, 900, 901, 902, 904, 905, 906, 907, 908, 911, 912, 918, 920, 921, 922, 926, 927, 928, 930, 931, 933, 935, 936, 937, 938, 940, 942, 944, 947, 956, 957, 959, 960, 961, 963, 965, 966, 967, 969, 970, 971, 972, 973, 975, 984, 992, 993, 994, 1002, 1004, 1005, 1007, 1009, 1013, 1014, 1015, 1019, 1020, 1022, 1023, 1024, 1025, 1026, 1027, 1031, 1032, 1033, 1035, 1036, 1037, 1038, 1039, 1041, 1045, 1047, 1049, 1050, 1052, 1053, 1056, 1057, 1058, 1059, 1061, 1062, 1064, 1066, 1067, 1068, 1071, 1072, 1073, 1076, 1077, 1078, 1081, 1083, 1084, 1085, 1087, 1089, 1090, 1091, 1094, 1095, 1097, 1098, 1100, 1101, 1102, 1103, 1104, 1105, 1106, 1108, 1115, 1116, 1118, 1121, 1122, 1125, 1129, 1130, 1131, 1133, 1134, 1136, 1137, 1138, 1139, 1142, 1144, 1145, 1150, 1151, 1152, 1154, 1158, 1159, 1163, 1167, 1168, 1170, 1171, 1174, 1177, 1178, 1179, 1181, 1182, 1183, 1186, 1187, 1190, 1195, 1196, 1197, 1200, 1201, 1203, 1205, 1207, 1211, 1215, 1216, 1217, 1218, 1221, 1222, 1226, 1227, 1228, 1229, 1230, 1231, 1232, 1233, 1238, 1239, 1240, 1242, 1244, 1245, 1246, 1247, 1248, 1249, 1251, 1253, 1254, 1255, 1257, 1259, 1260, 1262, 1263, 1265, 1266, 1268, 1270, 1271, 1274, 1275, 1278, 1286, 1289, 1290, 1291, 1293, 1297, 1298, 1300, 1303, 1305, 1306, 1307, 1308, 1310, 1313, 1314, 1315, 1316, 1318, 1319, 1321, 1324, 1325, 1326, 1327, 1328, 1330, 1333, 1335, 1336, 1338, 1339, 1340, 1341, 1346, 1348, 1349, 1351, 1352, 1353, 1356, 1357, 1358, 1359, 1361, 1364, 1365, 1366, 1369, 1370, 1371, 1374, 1377, 1378, 1379, 1382, 1384, 1385, 1388, 1389, 1392, 1394, 1397, 1398, 1399, 1401, 1402, 1403, 1407, 1408, 1409, 1410, 1412, 1413, 1417, 1419, 1420, 1421, 1424, 1425, 1426, 1429, 1432, 1435, 1436, 1437, 1438, 1439, 1442, 1443, 1445, 1446, 1447, 1448, 1449, 1451, 1452, 1455, 1458, 1459, 1463, 1467, 1468, 1474, 1476, 1477, 1480, 1481, 1482, 1483, 1485, 1489, 1491, 1498, 1499, 1502, 1503, 1504, 1507, 1510, 1513, 1515, 1516, 1519, 1520, 1521, 1525, 1526, 1529, 1530, 1531, 1534, 1535, 1537, 1538, 1539, 1542, 1547, 1550, 1553, 1554, 1555, 1557, 1558, 1559, 1564, 1565, 1566, 1568, 1570, 1571, 1573, 1574, 1576, 1579, 1581, 1583, 1584, 1585, 1590, 1591, 1592, 1594, 1596, 1597, 1599, 1601, 1603, 1607, 1608, 1610, 1611, 1612, 1614, 1615, 1617, 1619, 1621, 1622, 1623, 1629, 1630, 1632, 1633, 1634, 1636, 1637, 1638, 1640], "excluded_lines": [], "start_line": 46}, "": {"executed_lines": [6, 7, 8, 9, 10, 11, 12], "summary": {"covered_lines": 7, "num_statements": 66, "percent_covered": 10.606060606060606, "percent_covered_display": "11", "missing_lines": 59, "excluded_lines": 0, "percent_statements_covered": 10.606060606060606, "percent_statements_covered_display": "11"}, "missing_lines": [13, 14, 16, 17, 19, 20, 21, 22, 24, 27, 29, 32, 35, 46, 49, 98, 124, 278, 326, 375, 470, 483, 496, 511, 526, 541, 580, 671, 692, 700, 707, 740, 768, 810, 856, 898, 1011, 1017, 1029, 1127, 1193, 1213, 1224, 1236, 1295, 1344, 1405, 1415, 1487, 1562, 1588, 1626, 1627, 1643, 1645, 1646, 1647, 1650, 1651], "excluded_lines": [], "start_line": 1}}}, "src/dependencies_utils.py": {"executed_lines": [5, 6, 7, 8, 9, 10, 11, 12, 13, 14, 15, 17, 20, 21, 23, 25, 27, 28, 29, 30, 31, 32, 33, 35, 38, 44, 47, 50, 66, 67, 68, 74, 75, 93, 98, 99, 100, 103, 140, 154, 155, 156, 157, 158, 159, 160, 161, 163, 164, 165, 170, 173, 175, 176, 177, 178, 179, 180, 181, 182, 183, 184, 187, 192, 193, 196, 197, 200, 201, 204, 210, 212, 213, 214, 215, 216, 219, 221, 222, 223, 224, 225, 228, 284, 344, 350, 352, 353, 354, 355, 356, 357, 358, 359, 363, 365, 367, 369, 372, 452, 575], "summary": {"covered_lines": 101, "num_statements": 376, "percent_covered": 26.861702127659573, "percent_covered_display": "27", "missing_lines": 275, "excluded_lines": 0, "percent_statements_covered": 26.861702127659573, "percent_statements_covered_display": "27"}, "missing_lines": [46, 69, 71, 76, 80, 81, 84, 86, 87, 88, 89, 91, 113, 114, 120, 125, 127, 128, 129, 130, 132, 133, 134, 137, 166, 167, 205, 207, 236, 238, 241, 244, 245, 248, 249, 250, 253, 254, 256, 259, 260, 263, 266, 268, 272, 274, 275, 278, 279, 281, 291, 292, 293, 295, 298, 299, 306, 307, 308, 310, 313, 314, 315, 316, 317, 318, 319, 320, 323, 324, 325, 326, 328, 329, 330, 331, 332, 333, 336, 337, 339, 340, 341, 361, 362, 381, 382, 384, 387, 388, 389, 390, 392, 393, 395, 396, 397, 398, 399, 402, 403, 404, 405, 407, 408, 409, 410, 412, 413, 415, 417, 418, 419, 420, 423, 424, 425, 426, 428, 432, 433, 434, 435, 437, 438, 439, 440, 442, 443, 445, 446, 448, 449, 454, 455, 459, 468, 470, 471, 472, 474, 475, 478, 479, 482, 483, 484, 485, 486, 487, 488, 490, 491, 492, 493, 494, 497, 498, 499, 500, 501, 502, 503, 505, 506, 507, 508, 509, 511, 514, 515, 516, 518, 520, 521, 522, 523, 525, 527, 528, 529, 530, 531, 532, 533, 535, 536, 538, 539, 540, 541, 543, 544, 545, 546, 548, 550, 551, 552, 553, 554, 555, 556, 558, 559, 560, 563, 564, 565, 566, 567, 568, 569, 571, 586, 588, 591, 593, 594, 595, 598, 599, 600, 601, 603, 604, 605, 608, 609, 610, 612, 614, 615, 616, 618, 619, 620, 621, 622, 623, 625, 626, 627, 628, 630, 631, 634, 635, 636, 637, 639, 640, 641, 644, 645, 646, 647, 649, 650, 651, 654, 655, 656, 657, 659, 660, 661, 662, 664, 666, 667, 668, 669, 670, 671], "excluded_lines": [], "functions": {"get_platform": {"executed_lines": [27, 28, 29, 30, 31, 32, 33, 35], "summary": {"covered_lines": 8, "num_statements": 8, "percent_covered": 100.0, "percent_covered_display": "100", "missing_lines": 0, "excluded_lines": 0, "percent_statements_covered": 100.0, "percent_statements_covered_display": "100"}, "missing_lines": [], "excluded_lines": [], "start_line": 25}, "get_bundled_path": {"executed_lines": [44, 47], "summary": {"covered_lines": 2, "num_statements": 3, "percent_covered": 66.66666666666667, "percent_covered_display": "67", "missing_lines": 1, "excluded_lines": 0, "percent_statements_covered": 66.66666666666667, "percent_statements_covered_display": "67"}, "missing_lines": [46], "excluded_lines": [], "start_line": 38}, "find_dependency_path": {"executed_lines": [66, 67, 68, 74, 75, 93, 98, 99, 100], "summary": {"covered_lines": 9, "num_statements": 20, "percent_covered": 45.0, "percent_covered_display": "45", "missing_lines": 11, "excluded_lines": 0, "percent_statements_covered": 45.0, "percent_statements_covered_display": "45"}, "missing_lines": [69, 71, 76, 80, 81, 84, 86, 87, 88, 89, 91], "excluded_lines": [], "start_line": 50}, "validate_dependencies": {"executed_lines": [], "summary": {"covered_lines": 0, "num_statements": 12, "percent_covered": 0.0, "percent_covered_display": "0", "missing_lines": 12, "excluded_lines": 0, "percent_statements_covered": 0.0, "percent_statements_covered_display": "0"}, "missing_lines": [113, 114, 120, 125, 127, 128, 129, 130, 132, 133, 134, 137], "excluded_lines": [], "start_line": 103}, "check_single_dependency": {"executed_lines": [154, 155, 156, 157, 158, 159, 160, 161, 163, 164, 165, 170], "summary": {"covered_lines": 12, "num_statements": 14, "percent_covered": 85.71428571428571, "percent_covered_display": "86", "missing_lines": 2, "excluded_lines": 0, "percent_statements_covered": 85.71428571428571, "percent_statements_covered_display": "86"}, "missing_lines": [166, 167], "excluded_lines": [], "start_line": 140}, "download_file": {"executed_lines": [175, 176, 177, 178, 179, 180, 181, 182, 183, 184], "summary": {"covered_lines": 10, "num_statements": 10, "percent_covered": 100.0, "percent_covered_display": "100", "missing_lines": 0, "excluded_lines": 0, "percent_statements_covered": 100.0, "percent_statements_covered_display": "100"}, "missing_lines": [], "excluded_lines": [], "start_line": 173}, "_is_within_directory": {"executed_lines": [192, 193, 196, 197, 200, 201, 204], "summary": {"covered_lines": 7, "num_statements": 9, "percent_covered": 77.77777777777777, "percent_covered_display": "78", "missing_lines": 2, "excluded_lines": 0, "percent_statements_covered": 77.77777777777777, "percent_statements_covered_display": "78"}, "missing_lines": [205, 207], "excluded_lines": [], "start_line": 187}, "_safe_extract_tar": {"executed_lines": [212, 213, 214, 215, 216], "summary": {"covered_lines": 5, "num_statements": 5, "percent_covered": 100.0, "percent_covered_display": "100", "missing_lines": 0, "excluded_lines": 0, "percent_statements_covered": 100.0, "percent_statements_covered_display": "100"}, "missing_lines": [], "excluded_lines": [], "start_line": 210}, "_safe_extract_zip": {"executed_lines": [221, 222, 223, 224, 225], "summary": {"covered_lines": 5, "num_statements": 5, "percent_covered": 100.0, "percent_covered_display": "100", "missing_lines": 0, "excluded_lines": 0, "percent_statements_covered": 100.0, "percent_statements_covered_display": "100"}, "missing_lines": [], "excluded_lines": [], "start_line": 219}, "_safe_extract_dmg": {"executed_lines": [], "summary": {"covered_lines": 0, "num_statements": 22, "percent_covered": 0.0, "percent_covered_display": "0", "missing_lines": 22, "excluded_lines": 0, "percent_statements_covered": 0.0, "percent_statements_covered_display": "0"}, "missing_lines": [236, 238, 241, 244, 245, 248, 249, 250, 253, 254, 256, 259, 260, 263, 266, 268, 272, 274, 275, 278, 279, 281], "excluded_lines": [], "start_line": 228}, "extract_dmg": {"executed_lines": [], "summary": {"covered_lines": 0, "num_statements": 33, "percent_covered": 0.0, "percent_covered_display": "0", "missing_lines": 33, "excluded_lines": 0, "percent_statements_covered": 0.0, "percent_statements_covered_display": "0"}, "missing_lines": [291, 292, 293, 295, 298, 299, 306, 307, 308, 310, 313, 314, 315, 316, 317, 318, 319, 320, 323, 324, 325, 326, 328, 329, 330, 331, 332, 333, 336, 337, 339, 340, 341], "excluded_lines": [], "start_line": 284}, "extract_archive": {"executed_lines": [350, 352, 353, 354, 355, 356, 357, 358, 359, 363, 365, 367, 369], "summary": {"covered_lines": 13, "num_statements": 15, "percent_covered": 86.66666666666667, "percent_covered_display": "87", "missing_lines": 2, "excluded_lines": 0, "percent_statements_covered": 86.66666666666667, "percent_statements_covered_display": "87"}, "missing_lines": [361, 362], "excluded_lines": [], "start_line": 344}, "download_handbrake": {"executed_lines": [], "summary": {"covered_lines": 0, "num_statements": 48, "percent_covered": 0.0, "percent_covered_display": "0", "missing_lines": 48, "excluded_lines": 0, "percent_statements_covered": 0.0, "percent_statements_covered_display": "0"}, "missing_lines": [381, 382, 384, 387, 388, 389, 390, 392, 393, 395, 396, 397, 398, 399, 402, 403, 404, 405, 407, 408, 409, 410, 412, 413, 415, 417, 418, 419, 420, 423, 424, 425, 426, 428, 432, 433, 434, 435, 437, 438, 439, 440, 442, 443, 445, 446, 448, 449], "excluded_lines": [], "start_line": 372}, "download_ffmpeg": {"executed_lines": [], "summary": {"covered_lines": 0, "num_statements": 81, "percent_covered": 0.0, "percent_covered_display": "0", "missing_lines": 81, "excluded_lines": 0, "percent_statements_covered": 0.0, "percent_statements_covered_display": "0"}, "missing_lines": [454, 455, 459, 468, 470, 471, 472, 474, 475, 478, 479, 482, 483, 484, 485, 486, 487, 488, 490, 491, 492, 493, 494, 497, 498, 499, 500, 501, 502, 503, 505, 506, 507, 508, 509, 511, 514, 515, 516, 518, 520, 521, 522, 523, 525, 527, 528, 529, 530, 531, 532, 533, 535, 536, 538, 539, 540, 541, 543, 544, 545, 546, 548, 550, 551, 552, 553, 554, 555, 556, 558, 559, 560, 563, 564, 565, 566, 567, 568, 569, 571], "excluded_lines": [], "start_line": 452}, "download_dependencies": {"executed_lines": [], "summary": {"covered_lines": 0, "num_statements": 61, "percent_covered": 0.0, "percent_covered_display": "0", "missing_lines": 61, "excluded_lines": 0, "percent_statements_covered": 0.0, "percent_statements_covered_display": "0"}, "missing_lines": [586, 588, 591, 593, 594, 595, 598, 599, 600, 601, 603, 604, 605, 608, 609, 610, 612, 614, 615, 616, 618, 619, 620, 621, 622, 623, 625, 626, 627, 628, 630, 631, 634, 635, 636, 637, 639, 640, 641, 644, 645, 646, 647, 649, 650, 651, 654, 655, 656, 657, 659, 660, 661, 662, 664, 666, 667, 668, 669, 670, 671], "excluded_lines": [], "start_line": 575}, "": {"executed_lines": [5, 6, 7, 8, 9, 10, 11, 12, 13, 14, 15, 17, 20, 21, 23, 25, 38, 50, 103, 140, 173, 187, 210, 219, 228, 284, 344, 372, 452, 575], "summary": {"covered_lines": 30, "num_statements": 30, "percent_covered": 100.0, "percent_covered_display": "100", "missing_lines": 0, "excluded_lines": 0, "percent_statements_covered": 100.0, "percent_statements_covered_display": "100"}, "missing_lines": [], "excluded_lines": [], "start_line": 1}}, "classes": {"": {"executed_lines": [5, 6, 7, 8, 9, 10, 11, 12, 13, 14, 15, 17, 20, 21, 23, 25, 27, 28, 29, 30, 31, 32, 33, 35, 38, 44, 47, 50, 66, 67, 68, 74, 75, 93, 98, 99, 100, 103, 140, 154, 155, 156, 157, 158, 159, 160, 161, 163, 164, 165, 170, 173, 175, 176, 177, 178, 179, 180, 181, 182, 183, 184, 187, 192, 193, 196, 197, 200, 201, 204, 210, 212, 213, 214, 215, 216, 219, 221, 222, 223, 224, 225, 228, 284, 344, 350, 352, 353, 354, 355, 356, 357, 358, 359, 363, 365, 367, 369, 372, 452, 575], "summary": {"covered_lines": 101, "num_statements": 376, "percent_covered": 26.861702127659573, "percent_covered_display": "27", "missing_lines": 275, "excluded_lines": 0, "percent_statements_covered": 26.861702127659573, "percent_statements_covered_display": "27"}, "missing_lines": [46, 69, 71, 76, 80, 81, 84, 86, 87, 88, 89, 91, 113, 114, 120, 125, 127, 128, 129, 130, 132, 133, 134, 137, 166, 167, 205, 207, 236, 238, 241, 244, 245, 248, 249, 250, 253, 254, 256, 259, 260, 263, 266, 268, 272, 274, 275, 278, 279, 281, 291, 292, 293, 295, 298, 299, 306, 307, 308, 310, 313, 314, 315, 316, 317, 318, 319, 320, 323, 324, 325, 326, 328, 329, 330, 331, 332, 333, 336, 337, 339, 340, 341, 361, 362, 381, 382, 384, 387, 388, 389, 390, 392, 393, 395, 396, 397, 398, 399, 402, 403, 404, 405, 407, 408, 409, 410, 412, 413, 415, 417, 418, 419, 420, 423, 424, 425, 426, 428, 432, 433, 434, 435, 437, 438, 439, 440, 442, 443, 445, 446, 448, 449, 454, 455, 459, 468, 470, 471, 472, 474, 475, 478, 479, 482, 483, 484, 485, 486, 487, 488, 490, 491, 492, 493, 494, 497, 498, 499, 500, 501, 502, 503, 505, 506, 507, 508, 509, 511, 514, 515, 516, 518, 520, 521, 522, 523, 525, 527, 528, 529, 530, 531, 532, 533, 535, 536, 538, 539, 540, 541, 543, 544, 545, 546, 548, 550, 551, 552, 553, 554, 555, 556, 558, 559, 560, 563, 564, 565, 566, 567, 568, 569, 571, 586, 588, 591, 593, 594, 595, 598, 599, 600, 601, 603, 604, 605, 608, 609, 610, 612, 614, 615, 616, 618, 619, 620, 621, 622, 623, 625, 626, 627, 628, 630, 631, 634, 635, 636, 637, 639, 640, 641, 644, 645, 646, 647, 649, 650, 651, 654, 655, 656, 657, 659, 660, 661, 662, 664, 666, 667, 668, 669, 670, 671], "excluded_lines": [], "start_line": 1}}}, "src/duplicate_detector.py": {"executed_lines": [6, 7, 8, 9, 10, 12, 13, 16, 18, 21, 24, 26, 27, 28, 29, 30, 31, 34, 44, 45, 46, 47, 50, 59, 60, 61, 64, 65, 66, 69, 70, 72, 73, 74, 77, 78, 79, 81, 82, 83, 86], "summary": {"covered_lines": 41, "num_statements": 114, "percent_covered": 35.96491228070175, "percent_covered_display": "36", "missing_lines": 73, "excluded_lines": 0, "percent_statements_covered": 35.96491228070175, "percent_statements_covered_display": "36"}, "missing_lines": [103, 104, 106, 107, 109, 110, 111, 112, 114, 115, 117, 118, 121, 123, 125, 126, 128, 133, 135, 136, 137, 139, 140, 143, 145, 150, 153, 154, 155, 156, 158, 159, 160, 163, 164, 165, 167, 168, 169, 171, 172, 174, 175, 178, 179, 181, 182, 183, 185, 186, 187, 189, 190, 191, 194, 195, 196, 197, 198, 199, 201, 203, 204, 205, 208, 209, 210, 211, 212, 213, 215, 222, 227], "excluded_lines": [], "functions": {"DuplicateResult.__init__": {"executed_lines": [27, 28, 29, 30, 31], "summary": {"covered_lines": 5, "num_statements": 5, "percent_covered": 100.0, "percent_covered_display": "100", "missing_lines": 0, "excluded_lines": 0, "percent_statements_covered": 100.0, "percent_statements_covered_display": "100"}, "missing_lines": [], "excluded_lines": [], "start_line": 26}, "hamming_distance": {"executed_lines": [44, 45, 46, 47], "summary": {"covered_lines": 4, "num_statements": 4, "percent_covered": 100.0, "percent_covered_display": "100", "missing_lines": 0, "excluded_lines": 0, "percent_statements_covered": 100.0, "percent_statements_covered_display": "100"}, "missing_lines": [], "excluded_lines": [], "start_line": 34}, "create_comparison_thumbnail": {"executed_lines": [59, 60, 61, 64, 65, 66, 69, 70, 72, 73, 74, 77, 78, 79, 81, 82, 83], "summary": {"covered_lines": 17, "num_statements": 17, "percent_covered": 100.0, "percent_covered_display": "100", "missing_lines": 0, "excluded_lines": 0, "percent_statements_covered": 100.0, "percent_statements_covered_display": "100"}, "missing_lines": [], "excluded_lines": [], "start_line": 50}, "scan_for_duplicates": {"executed_lines": [], "summary": {"covered_lines": 0, "num_statements": 73, "percent_covered": 0.0, "percent_covered_display": "0", "missing_lines": 73, "excluded_lines": 0, "percent_statements_covered": 0.0, "percent_statements_covered_display": "0"}, "missing_lines": [103, 104, 106, 107, 109, 110, 111, 112, 114, 115, 117, 118, 121, 123, 125, 126, 128, 133, 135, 136, 137, 139, 140, 143, 145, 150, 153, 154, 155, 156, 158, 159, 160, 163, 164, 165, 167, 168, 169, 171, 172, 174, 175, 178, 179, 181, 182, 183, 185, 186, 187, 189, 190, 191, 194, 195, 196, 197, 198, 199, 201, 203, 204, 205, 208, 209, 210, 211, 212, 213, 215, 222, 227], "excluded_lines": [], "start_line": 86}, "": {"executed_lines": [6, 7, 8, 9, 10, 12, 13, 16, 18, 21, 24, 26, 34, 50, 86], "summary": {"covered_lines": 15, "num_statements": 15, "percent_covered": 100.0, "percent_covered_display": "100", "missing_lines": 0, "excluded_lines": 0, "percent_statements_covered": 100.0, "percent_statements_covered_display": "100"}, "missing_lines": [], "excluded_lines": [], "start_line": 1}}, "classes": {"DuplicateResult": {"executed_lines": [27, 28, 29, 30, 31], "summary": {"covered_lines": 5, "num_statements": 5, "percent_covered": 100.0, "percent_covered_display": "100", "missing_lines": 0, "excluded_lines": 0, "percent_statements_covered": 100.0, "percent_statements_covered_display": "100"}, "missing_lines": [], "excluded_lines": [], "start_line": 24}, "": {"executed_lines": [6, 7, 8, 9, 10, 12, 13, 16, 18, 21, 24, 26, 34, 44, 45, 46, 47, 50, 59, 60, 61, 64, 65, 66, 69, 70, 72, 73, 74, 77, 78, 79, 81, 82, 83, 86], "summary": {"covered_lines": 36, "num_statements": 109, "percent_covered": 33.027522935779814, "percent_covered_display": "33", "missing_lines": 73, "excluded_lines": 0, "percent_statements_covered": 33.027522935779814, "percent_statements_covered_display": "33"}, "missing_lines": [103, 104, 106, 107, 109, 110, 111, 112, 114, 115, 117, 118, 121, 123, 125, 126, 128, 133, 135, 136, 137, 139, 140, 143, 145, 150, 153, 154, 155, 156, 158, 159, 160, 163, 164, 165, 167, 168, 169, 171, 172, 174, 175, 178, 179, 181, 182, 183, 185, 186, 187, 189, 190, 191, 194, 195, 196, 197, 198, 199, 201, 203, 204, 205, 208, 209, 210, 211, 212, 213, 215, 222, 227], "excluded_lines": [], "start_line": 1}}}, "src/logging_utils.py": {"executed_lines": [], "summary": {"covered_lines": 0, "num_statements": 46, "percent_covered": 0.0, "percent_covered_display": "0", "missing_lines": 46, "excluded_lines": 0, "percent_statements_covered": 0.0, "percent_statements_covered_display": "0"}, "missing_lines": [6, 7, 8, 9, 10, 11, 14, 33, 34, 35, 38, 39, 40, 41, 43, 45, 46, 47, 48, 49, 50, 51, 52, 54, 55, 58, 59, 62, 65, 71, 72, 73, 74, 78, 79, 80, 86, 87, 88, 91, 92, 93, 95, 96, 98, 100], "excluded_lines": [], "functions": {"setup_logging": {"executed_lines": [], "summary": {"covered_lines": 0, "num_statements": 39, "percent_covered": 0.0, "percent_covered_display": "0", "missing_lines": 39, "excluded_lines": 0, "percent_statements_covered": 0.0, "percent_statements_covered_display": "0"}, "missing_lines": [33, 34, 35, 38, 39, 40, 41, 43, 45, 46, 47, 48, 49, 50, 51, 52, 54, 55, 58, 59, 62, 65, 71, 72, 73, 74, 78, 79, 80, 86, 87, 88, 91, 92, 93, 95, 96, 98, 100], "excluded_lines": [], "start_line": 14}, "": {"executed_lines": [], "summary": {"covered_lines": 0, "num_statements": 7, "percent_covered": 0.0, "percent_covered_display": "0", "missing_lines": 7, "excluded_lines": 0, "percent_statements_covered": 0.0, "percent_statements_covered_display": "0"}, "missing_lines": [6, 7, 8, 9, 10, 11, 14], "excluded_lines": [], "start_line": 1}}, "classes": {"": {"executed_lines": [], "summary": {"covered_lines": 0, "num_statements": 46, "percent_covered": 0.0, "percent_covered_display": "0", "missing_lines": 46, "excluded_lines": 0, "percent_statements_covered": 0.0, "percent_statements_covered_display": "0"}, "missing_lines": [6, 7, 8, 9, 10, 11, 14, 33, 34, 35, 38, 39, 40, 41, 43, 45, 46, 47, 48, 49, 50, 51, 52, 54, 55, 58, 59, 62, 65, 71, 72, 73, 74, 78, 79, 80, 86, 87, 88, 91, 92, 93, 95, 96, 98, 100], "excluded_lines": [], "start_line": 1}}}, "src/subprocess_utils.py": {"executed_lines": [10, 11, 12, 13, 15, 18, 48, 52, 58, 59, 62, 63, 64, 65, 68, 69, 70, 71, 73, 74, 77, 80, 81, 84, 85, 86, 87, 88, 92, 95, 96, 97, 98, 99, 100, 105, 108, 111, 119, 120, 121, 125, 127, 130, 133, 135, 145, 146, 147, 151, 155, 156, 157, 158, 159, 160, 162, 163, 166, 167, 168, 172, 175, 192, 194, 195, 196, 197, 198, 199, 203, 204, 205, 206, 210, 211], "summary": {"covered_lines": 76, "num_statements": 106, "percent_covered": 71.69811320754717, "percent_covered_display": "72", "missing_lines": 30, "excluded_lines": 0, "percent_statements_covered": 71.69811320754717, "percent_statements_covered_display": "72"}, "missing_lines": [53, 55, 89, 90, 91, 101, 102, 122, 131, 136, 137, 138, 139, 140, 143, 144, 169, 176, 177, 179, 180, 183, 185, 186, 189, 200, 207, 212, 213, 214], "excluded_lines": [], "functions": {"run_command": {"executed_lines": [48, 52, 58, 59, 62, 63, 64, 65, 68, 69, 70, 71, 73, 74, 77, 80, 81, 84, 85, 86, 87, 88, 92, 95, 96, 97, 98, 99, 100, 105, 108, 111, 119, 120, 121, 125, 127, 130, 133, 135, 145, 146, 147, 151, 155, 156, 157, 158, 159, 160, 162, 163, 166, 167, 168, 172, 175, 192, 194, 195, 196, 197, 198, 199, 203, 204, 205, 206, 210, 211], "summary": {"covered_lines": 70, "num_statements": 100, "percent_covered": 70.0, "percent_covered_display": "70", "missing_lines": 30, "excluded_lines": 0, "percent_statements_covered": 70.0, "percent_statements_covered_display": "70"}, "missing_lines": [53, 55, 89, 90, 91, 101, 102, 122, 131, 136, 137, 138, 139, 140, 143, 144, 169, 176, 177, 179, 180, 183, 185, 186, 189, 200, 207, 212, 213, 214], "excluded_lines": [], "start_line": 18}, "": {"executed_lines": [10, 11, 12, 13, 15, 18], "summary": {"covered_lines": 6, "num_statements": 6, "percent_covered": 100.0, "percent_covered_display": "100", "missing_lines": 0, "excluded_lines": 0, "percent_statements_covered": 100.0, "percent_statements_covered_display": "100"}, "missing_lines": [], "excluded_lines": [], "start_line": 1}}, "classes": {"": {"executed_lines": [10, 11, 12, 13, 15, 18, 48, 52, 58, 59, 62, 63, 64, 65, 68, 69, 70, 71, 73, 74, 77, 80, 81, 84, 85, 86, 87, 88, 92, 95, 96, 97, 98, 99, 100, 105, 108, 111, 119, 120, 121, 125, 127, 130, 133, 135, 145, 146, 147, 151, 155, 156, 157, 158, 159, 160, 162, 163, 166, 167, 168, 172, 175, 192, 194, 195, 196, 197, 198, 199, 203, 204, 205, 206, 210, 211], "summary": {"covered_lines": 76, "num_statements": 106, "percent_covered": 71.69811320754717, "percent_covered_display": "72", "missing_lines": 30, "excluded_lines": 0, "percent_statements_covered": 71.69811320754717, "percent_statements_covered_display": "72"}, "missing_lines": [53, 55, 89, 90, 91, 101, 102, 122, 131, 136, 137, 138, 139, 140, 143, 144, 169, 176, 177, 179, 180, 183, 185, 186, 189, 200, 207, 212, 213, 214], "excluded_lines": [], "start_line": 1}}}}, "totals": {"covered_lines": 441, "num_statements": 2071, "percent_covered": 21.294060840173827, "percent_covered_display": "21", "missing_lines": 1630, "excluded_lines": 0, "percent_statements_covered": 21.294060840173827, "percent_statements_covered_display": "21"}}